<?xml version="1.0" encoding="UTF-8"?>
<robot generator="Robot 4.1.3 (Python 3.10.0 on win32)" generated="20220925 21:33:27.749" rpa="false" schemaversion="2">
<suite id="s1" name="appDietStep" source="C:\Users\alvin\Documents\MySkill\MySkill-RobotFramework-Mobile\Step\appDietStep.robot">
<kw name="Start Session Apps" library="appDietPages" type="SETUP">
<kw name="Set Appium Timeout" library="AppiumLibrary">
<arg>10</arg>
<doc>Sets the timeout in seconds used by various keywords.</doc>
<status status="PASS" starttime="20220925 21:33:27.924" endtime="20220925 21:33:27.924"/>
</kw>
<kw name="Open Application" library="AppiumLibrary">
<arg>http://localhost:4723/wd/hub</arg>
<arg>automationName=UiAutomator2</arg>
<arg>platformName=Android</arg>
<arg>deviceName=MySkill</arg>
<arg>appPackage=com.fghilmany.dietmealapp</arg>
<arg>appActivity=com.fghilmany.dietmealapp.ui.main.MainActivity</arg>
<arg>autoGrantPermissions=true</arg>
<arg>noReset=true</arg>
<doc>Opens a new application to given Appium server.
Capabilities of appium server, Android and iOS,
Please check https://github.com/appium/appium/blob/master/docs/en/writing-running-appium/server-args.md
| *Option*            | *Man.* | *Description*     |
| remote_url          | Yes    | Appium server url |
| alias               | no     | alias             |</doc>
<status status="PASS" starttime="20220925 21:33:27.924" endtime="20220925 21:33:39.211"/>
</kw>
<kw name="Sleep" library="BuiltIn">
<arg>1</arg>
<doc>Pauses the test executed for the given time.</doc>
<msg timestamp="20220925 21:33:40.225" level="INFO">Slept 1 second</msg>
<status status="PASS" starttime="20220925 21:33:39.211" endtime="20220925 21:33:40.225"/>
</kw>
<status status="PASS" starttime="20220925 21:33:27.923" endtime="20220925 21:33:40.225"/>
</kw>
<test id="s1-t1" name="As a user i want to open APP Diet">
<kw name="User Input Welcome Data">
<arg>MySkill1</arg>
<arg>65</arg>
<arg>170</arg>
<kw name="Sleep" library="BuiltIn">
<arg>5</arg>
<doc>Pauses the test executed for the given time.</doc>
<msg timestamp="20220925 21:33:45.241" level="INFO">Slept 5 seconds</msg>
<status status="PASS" starttime="20220925 21:33:40.228" endtime="20220925 21:33:45.241"/>
</kw>
<kw name="Input Text" library="AppiumLibrary">
<arg>${homePageNameField}</arg>
<arg>${username}</arg>
<doc>Types the given `text` into text field identified by `locator`.</doc>
<msg timestamp="20220925 21:33:45.244" level="INFO">Typing text 'MySkill1' into text field 'id=com.fghilmany.dietmealapp:id/et_name'</msg>
<status status="PASS" starttime="20220925 21:33:45.242" endtime="20220925 21:33:46.465"/>
</kw>
<kw name="Input Text" library="AppiumLibrary">
<arg>${homePageWeightField}</arg>
<arg>${weight}</arg>
<doc>Types the given `text` into text field identified by `locator`.</doc>
<msg timestamp="20220925 21:33:46.467" level="INFO">Typing text '65' into text field 'id=com.fghilmany.dietmealapp:id/et_weight'</msg>
<status status="PASS" starttime="20220925 21:33:46.465" endtime="20220925 21:33:47.088"/>
</kw>
<kw name="Input Text" library="AppiumLibrary">
<arg>${homePageHeightField}</arg>
<arg>${height}</arg>
<doc>Types the given `text` into text field identified by `locator`.</doc>
<msg timestamp="20220925 21:33:47.090" level="INFO">Typing text '170' into text field 'id=com.fghilmany.dietmealapp:id/et_height'</msg>
<status status="PASS" starttime="20220925 21:33:47.088" endtime="20220925 21:33:48.319"/>
</kw>
<kw name="Tap" library="AppiumLibrary">
<arg>${homePageGenderMaleButton}</arg>
<doc>Tap element identified by ``locator``. </doc>
<status status="PASS" starttime="20220925 21:33:48.319" endtime="20220925 21:33:49.733"/>
</kw>
<status status="PASS" starttime="20220925 21:33:40.228" endtime="20220925 21:33:49.733"/>
</kw>
<status status="PASS" starttime="20220925 21:33:40.225" endtime="20220925 21:33:49.734"/>
</test>
<test id="s1-t2" name="As a user i want to open APP Diet">
<kw name="User Input Welcome Data">
<arg>MySkill2</arg>
<arg>80</arg>
<arg>180</arg>
<kw name="Sleep" library="BuiltIn">
<arg>5</arg>
<doc>Pauses the test executed for the given time.</doc>
<msg timestamp="20220925 21:33:54.742" level="INFO">Slept 5 seconds</msg>
<status status="PASS" starttime="20220925 21:33:49.739" endtime="20220925 21:33:54.742"/>
</kw>
<kw name="Input Text" library="AppiumLibrary">
<arg>${homePageNameField}</arg>
<arg>${username}</arg>
<doc>Types the given `text` into text field identified by `locator`.</doc>
<msg timestamp="20220925 21:33:54.745" level="INFO">Typing text 'MySkill2' into text field 'id=com.fghilmany.dietmealapp:id/et_name'</msg>
<status status="PASS" starttime="20220925 21:33:54.742" endtime="20220925 21:33:55.421"/>
</kw>
<kw name="Input Text" library="AppiumLibrary">
<arg>${homePageWeightField}</arg>
<arg>${weight}</arg>
<doc>Types the given `text` into text field identified by `locator`.</doc>
<msg timestamp="20220925 21:33:55.423" level="INFO">Typing text '80' into text field 'id=com.fghilmany.dietmealapp:id/et_weight'</msg>
<status status="PASS" starttime="20220925 21:33:55.421" endtime="20220925 21:33:56.660"/>
</kw>
<kw name="Input Text" library="AppiumLibrary">
<arg>${homePageHeightField}</arg>
<arg>${height}</arg>
<doc>Types the given `text` into text field identified by `locator`.</doc>
<msg timestamp="20220925 21:33:56.662" level="INFO">Typing text '180' into text field 'id=com.fghilmany.dietmealapp:id/et_height'</msg>
<status status="PASS" starttime="20220925 21:33:56.660" endtime="20220925 21:33:57.987"/>
</kw>
<kw name="Tap" library="AppiumLibrary">
<arg>${homePageGenderMaleButton}</arg>
<doc>Tap element identified by ``locator``. </doc>
<status status="PASS" starttime="20220925 21:33:57.988" endtime="20220925 21:33:58.869"/>
</kw>
<status status="PASS" starttime="20220925 21:33:49.739" endtime="20220925 21:33:58.869"/>
</kw>
<status status="PASS" starttime="20220925 21:33:49.737" endtime="20220925 21:33:58.870"/>
</test>
<test id="s1-t3" name="As a user i want to open APP Diet">
<kw name="User Input Welcome Data">
<arg>MySkill3</arg>
<arg>55</arg>
<arg>165</arg>
<kw name="Sleep" library="BuiltIn">
<arg>5</arg>
<doc>Pauses the test executed for the given time.</doc>
<msg timestamp="20220925 21:34:03.880" level="INFO">Slept 5 seconds</msg>
<status status="PASS" starttime="20220925 21:33:58.874" endtime="20220925 21:34:03.881"/>
</kw>
<kw name="Input Text" library="AppiumLibrary">
<arg>${homePageNameField}</arg>
<arg>${username}</arg>
<doc>Types the given `text` into text field identified by `locator`.</doc>
<msg timestamp="20220925 21:34:03.884" level="INFO">Typing text 'MySkill3' into text field 'id=com.fghilmany.dietmealapp:id/et_name'</msg>
<kw name="Capture Page Screenshot" library="AppiumLibrary">
<doc>Takes a screenshot of the current page and embeds it into the log.</doc>
<msg timestamp="20220925 21:34:06.133" level="INFO" html="true">&lt;/td&gt;&lt;/tr&gt;&lt;tr&gt;&lt;td colspan="3"&gt;&lt;a href="appium-screenshot-1.png"&gt;&lt;img src="appium-screenshot-1.png" width="800px"&gt;&lt;/a&gt;</msg>
<status status="PASS" starttime="20220925 21:34:04.037" endtime="20220925 21:34:06.133"/>
</kw>
<msg timestamp="20220925 21:34:06.135" level="FAIL">ValueError: Element locator 'id=com.fghilmany.dietmealapp:id/et_name' did not match any elements.</msg>
<status status="FAIL" starttime="20220925 21:34:03.881" endtime="20220925 21:34:06.135"/>
</kw>
<kw name="Input Text" library="AppiumLibrary">
<arg>${homePageWeightField}</arg>
<arg>${weight}</arg>
<doc>Types the given `text` into text field identified by `locator`.</doc>
<status status="NOT RUN" starttime="20220925 21:34:06.135" endtime="20220925 21:34:06.135"/>
</kw>
<kw name="Input Text" library="AppiumLibrary">
<arg>${homePageHeightField}</arg>
<arg>${height}</arg>
<doc>Types the given `text` into text field identified by `locator`.</doc>
<status status="NOT RUN" starttime="20220925 21:34:06.135" endtime="20220925 21:34:06.135"/>
</kw>
<kw name="Tap" library="AppiumLibrary">
<arg>${homePageGenderMaleButton}</arg>
<doc>Tap element identified by ``locator``. </doc>
<status status="NOT RUN" starttime="20220925 21:34:06.135" endtime="20220925 21:34:06.135"/>
</kw>
<status status="FAIL" starttime="20220925 21:33:58.874" endtime="20220925 21:34:06.136"/>
</kw>
<status status="FAIL" starttime="20220925 21:33:58.872" endtime="20220925 21:34:06.137">ValueError: Element locator 'id=com.fghilmany.dietmealapp:id/et_name' did not match any elements.</status>
</test>
<kw name="Close Apps" library="appDietPages" type="TEARDOWN">
<kw name="Capture Page Screenshot" library="AppiumLibrary">
<doc>Takes a screenshot of the current page and embeds it into the log.</doc>
<msg timestamp="20220925 21:34:08.246" level="INFO" html="true">&lt;/td&gt;&lt;/tr&gt;&lt;tr&gt;&lt;td colspan="3"&gt;&lt;a href="appium-screenshot-2.png"&gt;&lt;img src="appium-screenshot-2.png" width="800px"&gt;&lt;/a&gt;</msg>
<status status="PASS" starttime="20220925 21:34:06.139" endtime="20220925 21:34:08.247"/>
</kw>
<kw name="Quit Application" library="AppiumLibrary">
<doc>Quit application. Application can be quit while Appium session is kept alive.
This keyword can be used to close application during test case or between test cases.</doc>
<status status="PASS" starttime="20220925 21:34:08.247" endtime="20220925 21:34:08.426"/>
</kw>
<status status="PASS" starttime="20220925 21:34:06.139" endtime="20220925 21:34:08.426"/>
</kw>
<status status="FAIL" starttime="20220925 21:33:27.751" endtime="20220925 21:34:08.426"/>
</suite>
<statistics>
<total>
<stat pass="2" fail="1" skip="0">All Tests</stat>
</total>
<tag>
</tag>
<suite>
<stat pass="2" fail="1" skip="0" id="s1" name="appDietStep">appDietStep</stat>
</suite>
</statistics>
<errors>
<msg timestamp="20220925 21:33:49.736" level="WARN">Multiple test cases with name 'As a user i want to open APP Diet' executed in test suite 'appDietStep'.</msg>
<msg timestamp="20220925 21:33:58.871" level="WARN">Multiple test cases with name 'As a user i want to open APP Diet' executed in test suite 'appDietStep'.</msg>
</errors>
</robot>
